oooooooooooddoodoodoooooodooddddoooooooooollllllllllllllllllooooooooddddddddddddxxxxxxxxxxxxxxxxxkkkkkkkkkkkkkkkkkkkkkkkkOOOOOOOOOOOOO0OO00000000KKKKKKKKKKKKKKKKKKKKKKKKKKKKKKKKK00
lllloooooooooooooooooooooooooooooooooooooooollllllllllllllllllooooooooddddddddddddddddxxxxxxxxxxxxxxxxxxxkkkkkkkkkkkkkkkkkkkOOOOOOOOOOO00000000000KKKKKKKKKKKKKKKKKKKKKKKKKKKKK00000
cllllllllllllloooooooooooooooooooooooooooooooolllllllllllllllllllooooooooooddddddddddddddddddddddxxxxxxxxxxxxxxxxxxkxxkkkkkkkkOOOOOOOOOO0000000000K00KKKKKKKKKKKKKKKKKKKKKKK000OO000
cccccccclclllllllllllllllllloooooooooooooooooolllllcccllllllllllllllooooooooooooooooododdddddddddddddddddxxxxxxxxxxxxxxxxkkkkkkkkkkkOOOOOOOOOOO00000000000000OOOOOOOOOkkkO0OOOOOOO00
::::::::::ccccccccclllllllllllllllllllllllllloollllllccclllllllllllllllooooooooooooooooodddddddddddddddddddddddddddddddxxxxxxxkkkkkkkkkkkOOOOOOOOOOOOOOOOOkxlloooooooooood0OOOOOOO00
;;;;;;;;:::::::::::cccccccccclllllllllllllllllllllllllccccccllllllllllllllloooooooooooooooooddddddooooddddddddddddddddddddxxxxxxkkkkkkkkkkkkkkkkkkkkkkkkxoc::loooooooooood0OOOOOO000
............'''.....'''''''....''''.....'.''...''''''',:ccccccccllllccccllllllooooooooooooooooooooooooooooooooooodddddddddddddxxxxxxxxxxxxxxxkkkkkkkkkdl:;;::loooooooooood0OOOOOO000
.........................................................,::::::cccccccccccclllllloooooooooooooooooooooooooooooooooooooooooodddddddddddddddddxxxxxxxo:;;;;;;:lddooooooooox0OOOOO0000
............................................................,::::::cccccccccccclllllllllolllllllllooolllooooollooooooooooooooooodddddddddddxxddxxoc;,,;;;;;:cxxxxxxxkxxxxxOOOOO00000
..............................................................',;;;::::cccccccccccclllllllllllllllllllllllllllllllllllllollloloooooooooooooooool;,,,,,,;;coxkkkkkxxxxxxxdxOOOO000000
.................................................................';;;;::::::c:cccccccccllllllllllllllllllllllllllllllllllllllllllllooooooooooc;'',,,,,:ldxxxxxxxxxxxxxddodOOO0000000
....................................................................';;;;::::::::::::::cccccccccccccccccccccccccccccccccccccc:::ccccccccccc:,''''',;codddddddddxxxxxxxddoxOO0000000K
..........................................................................'''''''''''''''',,,,,,,,,,,,,,,,,,,,,,,,,,,,;;,,,,,,,,,;;;;;;;;::,'''';:loooooooolc:oKKKKKK0OkxkOO0000Okxd
...........................................................................'''''''''''''',,,,,,,,,,,,,;;;;;;;;;;;;;;;;;;;;;;;;;;;;;;;;;;;::,',:lloooooolc:,,,,dXK0000OkxdkOOkxOxlccl
........................................................................''''',,,,,,,,,,';::::ccccccccccccccccccccccccccccccccccccc:;,;::::::cccccccccl:,,,,,,,dX0ddxdddoldlcc:xdllll
......................................................................''',,,,,;;;;;;;;;'.';::ccccccccccccccclxo:ccccccccccc::::::,'.';:::::::::::::ccc;,;cclc,xXKkkkkdoococcc:kdllll
....'',,,;;;;;;;;;;,..',,,,...........................................,,,;;;;;:::::::::;'..',,;;;;:::::::cc:cooc::::;;;;;;;;;;;;'..',:cccccccc::ccc:::;lllloc;kXXOxdxkxlcoccc:kdlccl
...'ooddkkkkkOkOOOOd..;kkkk:.....................'''.................';;;;::::ccccc:ccclo:..'';occcccllcllll::cllxc:::::::::::::'',;;cllllcccccccccccccclccdl;OXKkxxxdolldccllOxcccl
...'oolxkkkkkkkOOOkd..,kkkk:.....................''''................,;::::ccccccclclllokx'',;co:::ccclccclllolllklcccc:::;;cccc;;;lollllllllcccccccccc;';cll;OXXdodol:;;xkO000OkO0K
...'dddkkkkkkkkkkkkd..,kkkk:...................''''''................;::cccllllllllllllx0k',::ldlllodddoooddxxxdd0ololcll;,,clllclcddlooollllllllllllclcc,,ll:0NN0kxxo;;;k000000KKKK
...'odlldxxxxxxkkkkd..;kxkk:................''''''''''...............;cccllllooooooooooxKk,;ccdkddxxkkkxdxxkOOOkkKdood0KOc;loooollcxdoooooooollllllllll;l;:dl:KNXOkkkkdolO0000KKKKKK
...'od;;xkkxxxdkkkkd..:kxkkc...............'''''''''''.........'..'..:cllllooooooooooookKO;:llxOkOOOO00OkOO0KKK0KXxdddxddlccooddoolxdodddooooooollllllc;lc;dl:KNOddoooc''O00KKKKKKKK
....od;.odddxxxkkxdo..;kxkkc..............''''''''lxl'........''''''':llloooooodddoodddkKO;coox00000K000O00KKXKKKXxdxdcoo0lldddddolkxddddddooooooooolol:cccdccXNNXOkkdoclOO0KKKKKKKK
....odl;',,,,,,;;;,,,',;::c,............''''''''''lxl'........''''''':lloooollcloodddddOXO;cook0XKKKKKK0O0KKXXXXXXkxxxdodKO:dxxxddoOxddddddddoooooooool:';:o:cXNNXoc:,'.,OO0KKKKKKKK
....oooc;;;;;;;;;;;;;;;;;;;'...........'''''''''',,,,'........'''''''clloooolllllodddddOXO:lddO0KKKKKKKKKKKXKXXXNXO0kxkdo0dcxxxxxdoOxxxxxdddddooooooool:';lo:lNNNXxlc;'':0KKKKKKKKKK
....ooc:llccc:::::::;''':::,........'''''''''''',,,,,'..............':;:'',,,:ddddddddxOXO:oddO00KK0KKKKKKKKXKXXXXkxxxxxxxxxxxlccloOxxxxxddddddoooooool,.;cocoNNNXkoc:;,cKKKKKKKKKKX
....oooloolccccccccl:''.,;,,....''';:;;;;;,,,,'',,,,,'...............,.;.....;oddxxddxxOXO:oddO000000K0KKKKKKKKKKXkkkkkxxxxx:c,...,c:dxxxxxdddddoooooo:;;:ldcoNNNKdlool;lKKKKKKKKKKX
....;;;;;:;;,;;:;,','''',';c'..''''OKKKKKKolll,,,,,,,'............ ..';;.....:oodxxxxxxOXO:odd00O0000K000KKKKKXK0Xkkkkkxxxxdo,;....;c:lxxxddddddoooool;lllco:dNNN0lc:::,lKKKKKKKKKXX
..................................'OKKKKXKooll,,,,,,,'................;,.....codxxxxlc::dO:odd00OOO0000000KK00KK0Xkkkkxxxxddoc,';,;,co,oxddddol;''':olco::lo:dNNN0ol;'..lKKKKKKKKKXX
..................................'0KKKKX0ooll,,,,,,,'...............'.'....'lodxxxod,...::odd0OkkkOOOOOOO0000OO0Kkxxxxxxdddlc:;;::lclodddddo:.....'occoll,l:xNNN0lc:,..lKKKKKKKKKXX
...................................:lllllc,,,,'',,,,,'..............',,'',:;;;;c;;,;cl....;odd0OxxxkkkkkkkOOOkkk0Kxxxxxxdddolcclcclkdddddddo:......'lcooll',;xNNNk;,'...oKKKKKKKKKKX
..................................  .......'''',,,,,,..'...',;;....'''.........'..',,l.....lookxoooxxxxxxxkkkxxk00xxddddddooc..'cllOddddddoc.......,lcllcc',;xNNNd',,'''lO0KKKKKKKKK
..'.......................',,'.......;;'..':::::cc:::;,;;,:lll;...........'...'..';:;:'.....,,::ccccddddxxxxxxxxO0ddddddoool,';:lllOodddool,.......cc.....',,xNNKc,,,,;;;:loxkOOO000
..........................',,'.......;;'..,:::::lddl;ll::;l::;'......'..,,'.,,.':llc;'.....;cckllolcdddddddxdddxOOdddooooll,.clclclkooooolc,.....':cc,l:;'',,xXXo,,,,,,;;;;:;;;:::::
.........''..,,;;;;,......',;'.... ..';'',c:;;,;xkddd0Oo'.'','.;.........'';,',:;lc;;,'....''';'''';coooddddddddOOooooolc:'..,''':lkc'....',....':cldllddolccokx,,,,,,,,;;;;,,,;;;::
......''.'';c;..'';lc;,'..............,:dONKOXxdOOccOKOc,'.';,',c..........',:;;,;;,,;:'......''''..,lllooooooookkoooolc:c::'...,,cxc;,'......',:::l:OOkkkxxkkkc,,,,,,,,,,,,,,;;,;;:
'...'''',;,'';,.',;,;;;'...'',,,,,,;;::ONNNNNNKkkc.cxoc''';c:,..............;lc,,;,:,::ox:..'...',;:;:::ccccccccxxloolc;o;..c....':d,.::c,',cccc:':o,0,.',o,kkx;,,,,,'',,,,,,,,,,;;;
.''''';;'.';,.';;'..''.....lxxdxkOO00KKKKKK00OOdl:....................   .....;';:;:;cclkc..'.....................':::,.':;:;.....,o;...''''',,,,,;;;c,'',c,llc'.'',''',,',,'''';;;,
.',,,'.',,'.';,..',''......,,'',,,,;;;;;;;;;;;:.............. .....    .........,;;,,llcc,..,..........'.''''......,;;,......  ....,;,..,''',,,,,,,,,,,''','''......'',''',,''',;,,,
;,'..,:,'.';:;.';;,'......'',,,;;;:::cccclllllc'............        .............'',,:c,,''',;:c::::::ccclloolllll:::,............ ,:;..'..':c:;;;;;;;;,,,,,,,''''.......'',',',,,,,
lc'cdxo.ckOO;cxkx,...... ..''',,;;:::::ccccccc;'  .....         ....................','.'''',,;';lllc:ccccllllllll:::,.','............''',;,''',,:cc::;,,;;;;;;',,,'''''''''',''''''
,,,;;::::cclcllooc;..... ....'',,;;;::::::::cc,'...          ....................'.....',,,,,,,,;::,.:ccclllllllllc:::;,,'''''........',;;;;,,,,:loldxl;;,,,,,'.',,',,'''','',,'...'
''',,,,;;;;;::::::,....  .....',,;;;;:::::::::,'        ..... ..................''''',',,,',;'';;;::::ccclllllllllc::::;,,,,'''...','..',,;;;,,,,,;:ccc::::;;;;,''''',',,'',,,,,,,'.
    ...................  .....'',,;;;;;:::::::'.     ....  ...................''''''',,;;,;;c:::::::cccccllllllllcc::::;;;,,,''''',;,....',,,,,;;;;;;:cccc::::::;,'''',;:lc;,,,,,',,
............',,;.......  ......',,,,;;;;;;;;;;'.....    .. ...................',,,,,,,;;:;;;lc:::::::cccclllllcccc::::::;;;;;,',,,;;,'....'',,;;:::::::::cccc::::;;;,,dK0dxc,,,,,,,,
............',,;........ ......'',,,,,,;;;;;;;'..     .......................'',,;;;;,;:cc:;:::::::ccccccccccccccc::::::;;;;;,,,,,,;,'.......',,;;;::::cc:::ccccccc:::cl:;;,'''',,,,
............',,;.'oOO00Oxo'....'',,,,,,,,,,,,,.'. ........................ .',,;,;;;;;;:c::;:::::c:cccccccccccccccc:::::::;;;;;;,;;;;,'....'....',,;;:::ccc::cclllccccccc::;;;,,,,''
...........''',,..';,,'.....',.''',,,,,,,,,,,,..............................,,,,;;;;;;;:c::::::::::cccccccclccccccccc:::::::::::::::;;,....'''.....',,;:::::;:::clllllccccc::::;;;,,
.............'''.......  .....,,'''',,,,,,,,,,...........................'',,;;;;:::;;,:::::;::cccccc::ccccc::cllccccc:::::::;;::::::;,'.............';;;::ccccccccccllllccc::::::cc
...............'......   ......';,'''''','''',..........................''',;;;;;;::;:;::::ccccccccccllllccccclllcccc:cc:;::::::::::;;;;,........'....',,,;:::::::::::ccclc;,;;;;;;:
......................   ........;,'''''''''''.......................',,,;;;;;;:;:::;;:::cccccccccccccccccccllcccccc:::::;::::::;::::::;,'.......'..'..''',;;:;:::::::::::;',,,,,,,;
  ....................   ........';,''''''''''......................''''',;;;::::;:cccccc;ccccccccc::cccccc:c:cllllc:::c:;:::::::;;;:;;;,,,'..''..'''.....'',,;;;::::::::;,'...',,,,
  ....................   ..........,,'''''''''.....................','''',,;;:::::::::ccc::ccc:cccc::cccclllllcclcc:ccclcc:;::::::;;;;;;;;;,''..''..''.....',,,,;;;;::::;;;,''....''
......................   ..........',,''''''''...................'''.',;;;;:;;;:::c:::cclllllc;:ccclcllcclccl:cllllccc:c::c;::cccc:::;;;;;;;;,'..''..'.......'',,,;;:::::;,,,,''....
