ooooooooooooooooooooooooooooodddoooooooooolllcclllllllllllllooooooooddddddddddddxxxxxxxxxxxxxxxxxkkkkkkkkkkkkkkkkkkkkkkkkOOOOOOOOOOOOOOO000000000KKKKKKKKKKKKKKKKKKKKKKKKKKKKKKKKK00
lllllloooooooooooooooooooooooooooooooooooooollllllllllllllllllooooooooddddddddddddddddddxxdxxxxxxxxxxxxxxkkkkkkkkkkkkkkkkkkkOOOOOOOOOOO00000000000KKKKKKKKKKKKKKKKKKKKKKKKKKKKK00000
ccllllllllllllooooooooooooooooooooooooooooooollllcclllllllllllllloooooooooododdddddddddddddddddddxxxxxxxxxxxxxxxxxxkxxkkkkkkkkOOOOOOOOOO0000000000K00KKKKKKKKKKKKKKKKKKKKKKK000OO000
:ccccccccccllllllllllllllllllolooooooooooooooolllllccclllllllllllllllooooooooooooooooooddddddddddddddddddxdxxxxxxxxxxxxxxkkkkkkkkkkkOOOOOOOOOOO00000000000000OOOOOOOOkkkkO0OOOOOOO00
::::::::::cccccccccclllllllllllllllllllllllllollllllcccccllllllllllllllooooooooooooooooodddddddddddddddddddddddddddddddxxxxxxxkkkkkkkkkkkOOOOOOOOOOOOOOOOOkxlloooooooooood0OOOOOOO00
;;;;;;;;;::::::::::cccccccccclllllllllllllllllllllllllccccccllllllllclllllllooooooooooooooooodddddoooododdddddddddddddddddxxxxxxkkkkkkkkkkkkkkkkkkkkkkkkxoc::loooooooooood0OOOOOO000
............'''.....'''''''....'.''.'...''''...''''''',:cccccccclllcccccllllllooooooooooooooooooooooooooooooooooododddddddddddxxxxxxxxxxxxxxxkkkkkkkkkdl:;;::loooooooooood0OOOOOO000
.........................................................,::::::ccccccccccccllllllooooooooloooooooooooooooooooooooooooooooooddddddddddddddddxxxxxxxxo:;;;;;;:loooodoooooox0OOOOO0000
............................................................,::::::cccccccccccclllllllllollllllllllllllllooooolloooooooooooooooodddddddddddxxddxxdc;,,;;;;;:cxxxxxxxxxxxxxOOOOO00000
..............................................................',;;:::::ccccccccccccccllllllllllllllllllllllllllllllllllolllllloooooooooooooooooc;,,,,,,;;coxkkkkkxxxxxxxdxOOOO000000
.................................................................';;;;:::::cc::ccccccccclllllllllllllllllllllllllllllllllllllllllllooooooooooc;'',,,,,:ldxxxxxxxxxxxxxddodOOO0000000
....................................................................';;;;:::::::::::::ccccccccccccccccccccccccccccccccccccccc::::cccccccccc:,''''',;codddddddddxxxxxxxdooxOOO0000000
..........................................................................'''''''''''''''',,,,,,,,,,,,,,,,,,,,,,,,,,,,,;;,,,,,,,;;;;;;;;;::,'''';:loooooooolc:oKKKKKK0OkxkOO0000Okxd
...........................................................................'''''''''''''',,,,,,,,,,,,,,;;;;;;;;;;;;;;;;;;;;;;;;;;;;;;;;;;::,';:looooooolc:,,,,dKK0000OkxdkOOkxOxlccc
........................................................................''''',,,,,,,,,,';::::cccccccccccccccccccccccccccccccccccccc;,;::::::cccccccccl:,,,,,,,dX0ddddddoldlcc:xdllll
......................................................................''',,,,,;;;;;;;;;'.';::ccccccccccccccclxo::cccccccccc::::::,'.';:::::::::::::ccc;,;cclc,xXKkxkkdoococcc:kdllll
....'',,,,;;;;;;;;;,..',,,,...........................................,,,,;;;;:::::::::;'..',,;;;;:::::::cc:cooc:::;;;;;;;;;;;;;'..',:ccccccccc:ccc:::;lllloc;kXXOxdxkxlcoccc:kdlccc
...'ooddkkkkkOkOOOOd..;kkkk:.....................'''.................';;;;::::ccccc:ccclo:..'';occcccllcclll::cllxc:::::::::::::'',;;clllcccccccccccc::clccdl;OXKxxxxdolldccclOdcccl
...'oolxkkkkkOkOOOkd..,kkkk:.....................''''................,;::::ccccllclclllokx.',;co:::ccclccclllolllklcccc:::;;cccc;;;lollllllllcccccccccc;';cll;OXXdodol:;;kkO000OkO00
...'dddkkkkkkkkkkkkd..,kkkk:...................''''''................;::cccllllllllllllx0k',::ldlllooddoooddxxxdd0olllcll;,,clllclcdolooollllllllllllclcc,,ll:0NNOkxdo;;;k000000KKKK
...'ddlldxxxxxxkkkkd..;kxkkc.................'''''''''...............;cccllllooooooooooxKk,;ccdkdddxxkkxdxxkOOkkkKdood0KOc;loooollcxdoooooooollllllllll;l;;dl:KNXOkkkkdolO00000KKKKK
....od;;xkkkxxdkkkkd..:kxkkc...............'''''''''''............'..:lllllooooooooooookKO;:llxkkOOOO00OkOO0KKK0KXxdddxddlccooddoolxdoddoooooooollllllc;lc;dl:KNOddoooc''O00KKKKKKKK
....od;.odddxxxkkddo..;kxkkc..............''''''''lxl'........''''''':lllooooooddddodddkKO;coox00000K000O00KKXKKKXxdxdcoo0lldddddolkxddddddoooooooollol:cccdccXNNXOkxdoclOO0KKKKKKKK
....odl;',,,,,,;;;,,,',:::c;.............'''''''''lxl'........''''''':lloooollcloodddddOXO;cook0XKKKKKK0O0KKXXXXXXxxxxdodKO:dxxxddoOdddddddddoooooooool:';:o:lXNNXoc:,'.,OO0KKKKKKKK
....oooc;;;;;;;;;;;;;;;;;;;'............''''''''',,,,'........'''''''clloooocllllodddddOXO:lddO0KKKKKKKKKKKXKXXXNXO0kxkdo0dcxxxxxdoOxxxxdddddoooooooool:';loclNNNXxlc;'':0KKKKKKKKKK
....ooc:llcc::::::::;''':::,.........''''''''''',,,,,'..............':;:'',,,:ddddddddxOXO:oddO00KK0KKKKKKKKXKKXXXkxxxxxxxxxxxlccloOdxxxxdddddooooooool,.;cocoNNNXko:::,cKKKKKKKKKKX
....oooloolcccc:ccclc''.,;,,.....'';:;;;;;,,,,',,,,,,'...............,.;.....;oddxxddxxOXO:oddO000000K0KKKKKKKKKKXkkkkxxxxxx:c,...,::dxxxxxddddooooool;;;:ldcoNNNKdlool;lKKKKKKKKKKX
....;;;;;:;;,;;:;,','''',';c'....''OKKKKKKolll,,,,,,,'............ ..';;.....:oodxxxxxxOXO:odd00O0000K000KKKKKKK0Xkkkkkxxxxdo,;....;c:cxxxddddddoooool;lllco:dNNN0lc:::,lKKKKKKKKKKX
..................................'OKKKKXKooll,,,,,,,'................;,.....codxxxdlc::dO:odd00OOO0O00000KK00KK0Xkkkkxxxxddlc,';,;,co,oxddddol;'''col:o:;lo:dNNN0ll;'..lKKKKKKKKKKX
..................................'0KKKKX0ooll,,,,,,,'...............'.'....'lodxxxod,...::odd0OkkkOOOOOOO000OOO0Kkxxxxxxddolc:;;::l:lodddddo:.. ..'lccolc,l:xNNNOlc:,..lKKKKKKKKKKX
...................................:lllllc,,,,',,,,,,'..............',,'',:;;;;c;;,;cl....;odd0OxxxkkkkkkkOOOkkk0Kxxxxxxdddolcclcclkdddddddo:......'lcooll',;xNNNk;''...oKKKKKKKKKKK
..................................  .......'''',,,,,,..'...'',;....'''.........'..',,l.....lookxoooxxxxxxxkkkxxk00xxddddddooc..'cllOddddddoc.......;lcllcc',;xNNNd',,'''lO0KKKKKKKKK
..'.......................',,'.......;;'..'::::::c:::,',;;:llc:'..............'...;;;:'.....,,::ccccddddxxxxxxxxO0dddddooool'';:lllkoddoool,.......cc.....',,xNNKc,,,,;;;:loxkOOO000
.'........................',,'.......;;'..,:::::lddl;cd:,:o:::'......'..,,'.,,.':llc;'.....:cckllolcododdddxdddxOOdddoooolc,.ccclclkooooll:,... .':cc,l:''',,xXXl',,,,,,;;;;;;;:::::
.........''..'',,,,'......',;'.... ..';,',c:;;,:xkddd00o.'.,;,.;.........'';,',:;lc;;,'....''';'''';cooododdddddOOooooolc:'..,''':lkc'....',....':cldlldoolccokx,,,,,,,,,;;;,,,;;;::
......''.'';:;..'';lc,,'..............,:dONKOXkdOOccOKKl,,';;,,,c..........',:;;,;;,,;:'......'''...,lllooooooookkoooolc:c::'...,,cxc;,'......',:::l:OOkkkxxkkkc,,,,,,,,,,,,,,;;,;;;
'...'''',;,'';,.',;,;;:'...',,,,,,,;;::ONNNNNNKkkc.cxol,'';cc,..............;lc,,;,:,::ox:..'...',;:;:::ccccccccxxloolc;o;..c....':o,.::c,',cccc:':o,0,.',o,kkd;,,,,,'',,,,,,,,',;;;
.'''.';;'.';,.';;'..''.....lxddxkOO00KKKKKK00OOdl;....................   .....;';:;:;cclkc..'.....................':::,.':;:;.....,l;...''''',,,,,;;;c,'',c,llc'.'',''',,',,'''';;;,
.',,,'.',;'.';,..',''......,,'',,,,;;;;;;;;;;;:.............. .....    .........,;;,,llcc,..,..........'.''''......,;;,.......  ...,;,..,''',,,,,,,,,,,'''''''......'',''',,''',;,,,
;;'..,:,'.';:;.';;,'......'',,,;;::::cccclllllc'............        .............'',,:c,,''',;:c:::::cccccloolllll:::,............ ,:;..'..':c:;;;;;;;;,,,,,,,''''.......'',',',,,,,
lc'cdxo.:kOO;cxkx,...... ...'',,;;:::::ccccccc;'   ....         ....................','.'''',,;';lll::ccccllllllll:::,.','............''',;,''',,:cc::;,,;;;;;;',,,'''''.'''',''''''
,,,;;::::cclcllooc;..... ....'',,;;;:::::::::c,'...         .....................'.....',,,,,,,,;::'.:ccccllllllllc:::;,,'''.'........',;;;;,,,,:loldxl;,,,,,,'.',,',,'''','',''...'
'',,,,,,;;;;::::::,....  .....',,;;;;:::::::::,'         .... ..................''''',',,,,,;'';;;::::ccclllllllllc::::;,,,,''....','..',,;;,,,,,,;:ccc:::;;;;;,''''''',,'',,,,,,''.
     ..................  .....'',,,;;;;;::::::'.    ....    . ................''''''',,;;,,;::::::::cccccllllllllcc::::;;;,,,''''',;,....',,,,,;;;;;;:cccc:::::;;,,''',;:lc;,,,,,',,
............',,;.......  ......',,,,;;;;;;;;;;'.....      ....................'',,,,,,;;:;;;lc:::::::cccccllllcccc::::::;;;;;,',,,,;,'....'',,;;:::::::::cccc::::;;;,,dK0dxc,,,,,,,,
............',;;........ ......'',,,,,;;;;;;;;''.      ......................'',,;;;;,;:cc:;::::::::cccccccccccccc::::::;;;;;,,,,,,;,'.......',,;;;::::cc:::cccccc::::cl:;;,'''',,,,
............',,;.'oOO00Oxo'....'',,,,,,,,,,,,,...    ..................... .',,,,;;;;;;:c::;:::::c:cccccccccccccccc:::::::;;;;;;,;;;;,'....'....',,;;:::ccc::cclllccccccc::;;;,,,,''
...........''',,..';,,'.....',.''',,,,,,,,,,,,..............................,,,,;;;;;;;:c::::::::::cccccccccccccccccc:::::::::::::::;;,.....''.....',,;:::::;:::cllllcccccc:::;;;,,,
.............'''.......  .....,,'''',,,,,,,,,,...........................'',,;;;;:::;;,:::::;::cccccc::ccccc::cllccccc:::::::;;::::::;,'.............';;;::ccccccccccllllccc::::::cc
...............'......   ......';,'''''','''''... ......................''',;;;;;;::;:;::::ccccccccccllllccccclllcccc:cc:;::::::::::;;;;,........'....',,,;:::::::::::ccclc;,;;;;;;:
......................   ........;,'''''''''''.......................',,,;;;;;;;;:::;;:::ccccc:cccccccccccccllcccccc::c::;::::::;::::::;,'...'...'..'..''',;;:;:::::::::::;',,,,,,,;
 .....................   ........';,''''''''''......................''''',;;;::::;:c:cccc;ccccccccc:::ccccc:c:cllllc:::c:;:::::::;;;::;;,;,'..''..'''.....'',,;;;::::::::;,'...',,,,
 .....................   ..........,,'''''''''.....................',''''',;;:::::::::ccc::ccc::ccc::cccclllllcclcc:ccclcc:;::::::;;;;;;;;;,''..''..'''....'',,,;;;;;:::;;;,''....''
......................   ...........,,''''''''...................'''.',;;;;;;;;:::::::cclllllc;:cccllllcclccl:cllllccc:c::c:::cccc:::;;;;;;;;,'..''..'.......'',,,;;:::::;,,''''....
