oooooooooodddddooooddoooddoddddddooooooooollllllllllllllllllooooooooddddddddddddxxxxxxxxxxxxxxxxxkkkkkkkkkkkkkkkkkkkkkkkkOOOOOOOOOOOOO0O000000000KKKKKKKKKKKKKKKKKKKKKKKKKKKKKKKKK00
llooooooooooooooooooooooooooooddddoooooooooollllllllllllllllllooooooodddddddddddddddddxxxxxxxxxxxxxxxxxxxkkkkkkkkkkkkkkkkkkkOOOOOOOOOO00000000000KKKKKKKKKKKKKKKKKKKKKKKKKKKKKK00000
lllllllllllllooooooooooooooooooooooooooooooooolllllllllllllllllllooooooooodddddddddddddddddddddddxxxxxxxxxxxxxxxxxxkxxkkkkkkkkOOOOOOOOO00000000000000KKKKKKKKKKKKKKKKKKKKKK000OOOO00
ccccccccclllllllllllllllooooooooooooooooooooooollllccclllllllllllllloooooooooooooooooodddddddddddddddddddxdxxxxxxxxxxxxxxkkkkkkkkkkkOOOOOOOOOOO00000000000000OOOOOOkOkkkkO0OOOOOOOO0
:::::::::cccccccccclllllllllllllllllllllllloooollllllccclllllllllllllllooooooooooooooooodddddddddddddddddddddddddddddddxxxxxxxkkkkkkkkkkkkOOOOOOOOOOOOOOOOkxlloooooooooood0OOOOOOOO0
;;;;;;;:::::::::::cccccccccllllllllllllllllllllllllllllccccclllllllllllllllooooooooooooooooodddddddoooddddddddddddddddddddxxxxxxkkkkkkkkkkkkkkkkkkkkkkkkxoc::loooooooooood0OOOOOOO00
............'''..'..''''''''...''''.'...''''..'''''''',:ccccccccllllcccclllllloooooooooooooooooooooooooooooooooooddddddddddddxxxxxxxxxxxxxxxxkkkkkkkkkdl:;;::loooooooooood0OOOOOO000
.........................................................,::::::cccccccccccclllllloooooooooooooooooooooooooooooooooooooooooodddddddddddddddddxxxxxxxo:;;;;;;:lodooooooooox0OOOOO0000
............................................................,::::::cccccccccccclllllllllolllllllllloollllooooolooooooooooooooooodddddddddddxxdddxdc;,,;;;;;;cxxxxxxxxxxxxxOOOOO00000
..............................................................',;;:::::ccccccccccccccllllllllllllllllllllllllllllllllllllllllooooooooooooooooooc;,,,,,,;;coxkkkkkxxxxxxxdxOOOOO00000
.................................................................';;;;:::::::::::ccccccclllllllllllllllllllllllllllllllllllllllllllooooooooooc,''',,,,:ldxxxxxxxxxxxxdddodOOOO000000
....................................................................';;;;::::::::::::::cccccccccccccccccccccccccccccccccccccc:::ccccccccccc:,''''',;codddddddddxxxxxxxddoxOOO0000000
..........................................................................''''''''''''''''',,,,,,,,,,,,,,,,,,,,,,,,,,,,,,,,,,,,,;;;;;;;;;::,'''';:looooooool::oKKKKKK0OkxkOO0000Okxd
...........................................................................'''''''''''''',,,,,,,,,,,,,,;;;;;;;;;;;;;;;;;;;;;;;;;;;;;;;;;;::,';:lloooooolc:,,,,dKK0000OkxdkOOkxOxlccc
........................................................................''''',,,,,,',,,';::::ccccccccccccccccccccccccccccccccccccc:;,;::::::cccccccccl:,,,,,,,dX0oddddooldlcc:xdllcl
......................................................................''',,,,,;;;;;,;;;'.';::ccccccccccccccclxo::cccccccccc::::::,'.';:::::::::::::ccc;,;cclc,xXKkxkkdoococcc:kdllll
....'',,,,;;;;;;;;;,..',,,,...........................................,,,,;;;;;::::;:::;'..',,;;;;;:::::::c:cooc:::;;;;;;;;;;;;;'..',:ccccccc:::c:c:::;lclloc;kXXOxdxkdlcoccc:kdlccc
...'ooddkkkkkOkOOOOd..;kkkk:.....................''''................';;;;:::::cc:c:ccclo:..'';occcccllcclll::cllxc:::::::::::::'',;;cllllcccccccccccc:cl:cdl;OXKxxxxdolldccclOdcccl
...'oolxkkkkkkkOOOkd..,kkkk:....................'''''................,;::::ccccccccccllokx.',;co:::ccclccclllolllklcccc:::;;cccc;;;lolllllllllccccccccc;';cll;OXXdodol:;;kkO000OkO00
...'dddkkkkkkkkkkkkd..,kkkkc...................''''''................;::cccllllllllllllx0k',::ldlllooddoooddxxxdd0olllcll;,,clllclcdolooollllllllllllclcc,,ll:0NNOkxxo;;;O000000KKKK
...'odlldxxxxxxkkkkd..,kxkkc.................'''''''''...............;cccllllooooooooooxKk,;ccdkdddxxkkxdxxkOOOkkKdood0KO:;loooollcxdooooooolllllllllll;l;:dc:KNXOkkkkdolO00000KKKKK
....od;;xkkxxxokkkkd..:kxkkc...............'''''''''''............'..:cllllooooooooooookKO,:llxkkOOOO00OkOO0KKK0KXxdddxddlccooddoolkdoddoooooooollllllc;lc;dl:KNOddoooc',O00K0KKKKKK
....od:.odddxxxkkddo..;kxkkc..............''''''''lxl'........''''''':llloooooodddoodddkKO;coox00000K000O00KKXKKKXxdxdloo0lldddddolkxddddddoooooooollol:cccdccXNNXOkxdoclOO0KKKKKKKK
....ool;',,,,,,;;,,,,',:::c;............''''''''''lxl'........''''''':lloooollcloodddddOXO;cook0XKKKKKK0O0KKXXXXXXxxxxdodKO:dxxxddoOddddddddooooooooool:';:o:lXNNXoc:,'.;OO0KKKKKKKK
....oooc;;;;;;;;;;;;;;;;;;;'..........''''''''''',,,,'........'''''''clloooolllllodddddOXO:lddO00KKKKKKKKKKXKXXXXXk0kxkdo0dcxxxxxdoOxxxxdddddoooooooool;';lo:lNNNXxlc;'':0KKKKKKKKKK
....ooc:llc:::::::::;''':::,........'''''''''''',,,,,'..............':;:'',,,:ddddddddxOXO:oddO00KK0KKKKKKKKXKKXXXkxxxxxxxxxxxlccloOdxxxxdddddooooooool,.;co:oNNNXko::;,cKKKKKKKKKKK
....oooloolcccc:ccclc''.,;,,.'.'''';::;;;;,,,,'',,,,,'...............,.;.....;oddxxddxxOXO:oddO000000K0KKKKKKKKKKXkkkkxxxxxx:c'...,c:dxxxxdddddooooool:;;cldcdNNNKdlool;lKKKKKKKKKKX
....;;;;;:;;,;;:;,','''',';c'.'''''OKKKKXKdlll,,,,,,,'............ ..';;.....:oodxxxxxxOXO:odd00O0000K000KKKKKXK0Xkkkkkxxxxdo,;....;c:lxxxddddddoooool;lllco:dNNN0lc:::,lKKKKKKKKKXX
..............................'''''OKKKKXKooll,,,,,,,'................;,.....coddxxxlc::dO:odd00OOO0O00000KK00KK0Xkkkkxxxxddl:,';,;,co,oxddddol;'.'colco::lo:dNNN0lc;'..lKKKKKKKKKKX
..................................'0KKKXX0ooll,,,,,,,'...............'.'....'lodxxxod,...::odd0OkkkOOOOOOO000OOO0Kkxxxxxxddolc:;;::lclodddddo:.. ..'lccolc,c:xNNNOlc:,..lKKKKKKKKKKX
...................................:lllllc,,,,'',,,,,'..............',,'',:;;;;c;;,;cl....;odd0OxxxkkkkkkkOOOkkk0Kxxxxxxdddolcclcclkdddddddo:......'lcooll',;xNNNk;''...oKKKKKKKKKKK
..................................  .......'''',,,,,,..'...'',;'...'''.........'..',,l.....lookxoooxxxxxxxkkkxxk00xxddddddooc..'cllOddddddoc.......;lcllcc',;xNNNd',,'''lO0KKKKKKKKK
..'.......................',,'.......;;'..'::::::c:::,.,;;clcc:,..............'..';:;:'.....,,::ccccdddddxxxxxxxO0dddddooool'';:lllkoddoool,.......cc.....',,xNNKc,,,,;;;:loxkOOO000
..........................',,'.......;;'..,:::::lddl;lxc';l:::'......'..,,'.,,.':llc;'.....;cckllolcddoddddxdddxOOdddoooolc,.ccclclkooooll:,.....':cc,o:,'',,xXXl',,,,,;;;;;;;;:;:::
.........''..,,,,;,,......';;,.... ..';'',c:;;,:xkddd00o...,;,.;.........'';,',:;lc;;,'....''';'''';cooododdddddOOooooolc:'..,''.:lkc'....',....':clolldoolccokx,,,,,,,,;;;;,,,;;;::
......''.'';:;..'';cc;,'..............,:dONKOXkdOOccOKKo;;,;;;,,:...........,:;;,;;,,;:'......''''..,lllooooooookkoooolc:c::'...,,cxc;,'......',:::l;OOkkxxxkkkc,,,,,,,,,,,,,,;;,;;;
'...'''',;,'';,.',;,;;:'...',,,,,,,;;::ONNNNNNKkkl.cxoc,'';lc,..............;lc,,;,:,::ox:..'...',;:;:::ccccccccxxloolc;o;..c....':o,.::c,',cccc:':o,0'.',o,kkd;,,,,,'',,',,,,,',;;;
.''.'';;'.';,.';;'..''.....lxxdxkOO00KKKKKK00OOdl:....................   .....;';:;:;cclkc..'.....................':::,.':;:;.....,l;...''''',,,,,;;;c,'',c,llc'.'','''',',,'''';;,,
.',,,'.',;'.';,..',''......,,'',,,,;;;;;;;;;;;:.............. .....    .........,;;,,llcc,..,........'.'.''''......,;;,......  ....,;,..,''',,,,,,,,,,''''''''......'','''',''',;,,,
;;'..,:,'.';:;.';;,'......'',,;;;::::cccclllllc'............        .............'',,:c,,''',;::::::::ccccloolllll:::,............ ,:;..'..':c:;;;;;;;;,,,,,,,''''.......'',''',,,,,
lc.cdxo.:kOO;:xkx,...... ..''',,;;:::::ccccccc;'. .....         ....................','.'''',,;';lll::ccccllolllll:::,.','............''',;,''',,:cc::;,,;;;;;;',,,'''''.'''',''''''
,,,;;::::cclcllolc;..... ....'',,;;;::::::::cc,'...          ....................'.....',,,,,,,,;::'.:ccclllllllllc:::;,,'''.'........',;;;;,,,,:loldxl;,,,,,,'.',,',,'''','',,'...'
''',,,,,;;;;::::::,....  .....',,;;;;:::::::::,'         .... ..................''''',',,'',;'';;;::::ccclllllllllc::::;,,,,''....','..',,;;,,,,,,;:ccc:::;;;;;,''''''',,'',,,,,,''.
    ...................  .....'',,,;;;;;::::::'.    .....   ..................''''''',,;;,;;::::::::cccccllllllllc:::::;;,,,,''''',;,....',,,,,;;;;;;:cccc:::::;;,'''',;:lc;,,,,,',,
............',,;.......  ......'',,,;;;;;;;;;;'...... .    ...................',,,,,,,;;:;;;lc:::::::ccccclllccccc::::::;;;;;,',,,,;,'....'',,;;:::::::::cccc::::;;;,,d00dxc,,,,,,,,
............',,;........ ......'',,,,,,;;;;;;;''.    ........................'',,;;;;,;:cc:;::::::::cccccccccccccc::::::;;;;;,,,,,,;,'.......',,;;;::::cc:::cccccc::::cl:;;,'''',,,,
............',,;.'oOO00Oxo'....''',,,,,,,,,,,,... .. ..................... .',,;,;;;;;;:c::;:::::c:cccccccccccccccc:::::::;;;;;;,;;;;,'....'....',,;;:::ccc::cclllccccccc::;;;,,,'''
...........''',,..';,,'.....','.'',,,,,,,,,,,,... ..........................,,,,;;;;;;;:c::::::::::cccccccccccccccccc::::::::::::::;;;,.....''.....',,;:::::;:::clllllccccc:::;;;,,,
.............'''.......  .....,,'''',,,,,,,,,,... .......................'',,;;;;:::;;,:::::;::cccccc::ccccc::cllccccc:::::::;;::::::;,'.............';;;::ccccccccccllllccc::::::cc
.......................  ......';,'''''','''',..........................''',;;;;;;::;:;::::ccccccccccllllccccclllcccc:cc:;::::::::::;;;;,.............',,,;:::::::::::ccclc;,;;;;;;:
......................   ........;,'''''''''''.......................',,,;;;;;;:;:::;;:::cccccccccccccccccccllcccccc:::::;::::::;::::::;,'.......'..'..''',;;;;:::::::::::;',,,,,,,;
 .....................   ........';,''''''''''......................''''',;;;::::;:cccccc;ccccccccc::cccccc:c:cllllc:::c:;:::::::;;;:;;;,,,'..''..'''.....'',,;;;::::::::;,'...',,,,
 .....................   .........',,'''''''''.....................','''',,;;:::::::::ccc::ccc::ccc::cccclllllcclcc:ccclcc:;::::::;;;;;;;;;,'...''..''......'',,;;;;;::;;;;,''....''
......................   ..........',,''''''''...................'''.',;;;;;;;;:::::::cclllllc;:ccclclccclccl:cllllccc:c::c;::ccc::::;;;;;;;;,'..''..'.......'',,,;;:::::;,,''''....
