ooooooooooooooooooooooooooooodddoooooooooolllcclllllllllllllooooooooodddddddddddxxxxxxxxxxxxxxxxxxkkkkkkkkkkkkkkkkkkkkkkkOOOOOOOOOOOOO0OO00000000KKKKKKKKKKKKKKKKKKKKKKKKKKKKKKKKK00
lllllloooooooooooooooooooooooooooooooooooooolllllllllllllllllllooooooodddddddddddddddddxxxdxxxxxxxxxxxxxxkkkkkkkkkkkkkkkkkkkkOOOOOOOOOO00000000000KKKKKKKKKKKKKKKKKKKKKKKKKKKKK00000
ccllllllllllllooooooooooooooooooooooooooooooollllcclllllllllllllllooooooooooodddddddddddddddddddddxxxxxxxxxxxxxxxxxkxxkkkkkkkkOOOOOOOOOO00000000000000KKKKKKKKKKKKKKKKKKKKK000OOOO00
:ccccccccccclllllllllllllllllolllooooooooooooolllllccclllllllllllllllooooooooooooooooooddddddddddddddddddddxxxxxxxxxxxxxxkkkkkkkkkkkOOOOOOOOOOO00000000000000OOOOOOOOkkkkO0OOOOOOOO0
::::::::::ccccccccccclllllllllllllllllllllllllllllllcccccllllllllllllllooooooooooooooooodddddddddddddddddddddddddddddddxxxxxxxkkkkkkkkkkkkOOOOOOOOOOOOOOOOkxlloooooooooood0OOOOOOOO0
;;;;;;;;;:::::::::::ccccccccccccclclllllllllllllllllllcccccclllllllcclllllllooooooooooooooooodddddoooododddddddddddddddddddxxxxxkkkkkkkkkkkkkkkkkkkkkkkkxoc::loooooooooood0OOOOOOO00
............''.......'''''.......''.'.....'....''''''',:cccccccclllcccccllllllooooooooooooooooooooooooooooooooooooodddddddddddxxxxxxxxxxxxxxxkkkkkkkkkdl:;;::loooooooooood0OOOOOO000
.........................................................,::::::cccccccccccclllllllooooooolooooooooooooooooooooooooooooooooodddddddddddddddddxxxxxxxo:;;;;;;:lodooooooooox0OOOOO0000
............................................................,::::::cccccccccccclllllllllolllllllllllllllloooollloooooooooooooooodddddddddddxxddxxdc;,,;;;;;:cxxxxxxxxxxxxxOOOOO00000
..............................................................',;;;::::ccc:cc:cccccccllllllllllllllllllllllllllllllllllllllllloooooooooooooooooc;,,,,,,;;coxkkkkkxxxxxxxdxOOOO000000
.................................................................';;;;::::::::c::ccccccclllllllllllllllllllllllllllllllllllllllllllloooooooooc,''',,,,:ldxxxxxxxxxxxxxddodOOOO000000
....................................................................';;;;:::::::::::::ccccccccccccccccccccccccccccccccc:::c:c::::cccccccccc:,''''',;codddddddddxxxxxxxddoxOOO0000000
..........................................................................'''''''''''''''',,,,,,,,,,,,,,,,,,,,,,,,,,,,,;,,,,,,,,,;;;;;;;;::,'''';:loooooooolc:oKKKKKK0OkxkOO0000Okxd
...........................................................................'''''''''''''',,,,,,,,,,,,,,;;;;;;;;;;;;;;;;;;;;;;;;;;;;;;;;;;::;',:lloooooolc:,,,,dKK0000OkxdkOOkxOxlccl
........................................................................''''',,,,,,,,,,';::::ccccccccccccccccccccccccccccccccccccc:;,;::::::cccccccccl:,,,,,,,dX0odxdddoldlcc:xdllll
......................................................................''',,,,,;;;;;;;;;'.';::ccccccccccccccclxo:ccccccccccc::::::,'.';::::::::::::::cc;,;cclc,xXKkxkkdoococcc:kdllll
....'',,,,,;;;;;;;;,..',,,,...........................................,,,,;;;;:::::::::;'..',,;;;;:::::::cc:cooc:::;;;;;;;;;;;;;'..',:cccccccc::::cc::;lllloc;kXXOxdxkxlcoccc:kdcccc
...'ooddkkkkkOkOOOOd..;kkkk:.....................'''.................';;;;:::::cccc:ccclo:..'';occcccclcclll::cllxc:::::::::::::'',;;clllcccccccccccc:ccl:cdl;OXKkxxxdolldccclOxcccl
...'oolxkkkkkkkOOOkd..,kkkk:.....................''''................,;::::ccccccccccllokx.',;co:::ccclccclllolllklcccc:::;;cccc;;;lollllllllcccccccccc;';cll;OXXdodol:;;kkO000OkO00
...'dddkkkkkkkkkkkkd..,kkkk:....................'''''................;::cccllllllllllllx0k',::ldlllooddoooddxxxdd0olllcll;,,clllclcddlooollllllllllllclcc,,lc:0NN0kxxo;;;k000000KKKK
...'odlldxxxxxxkkkkd..;kxkkc.................'''''''''...............;cccllllooooooooooxKk,;ccdkdddxxkkxdxxkOOOkkKdood0KOc;loooollcxdoooooooollllllllll;l;:dl:KNXOkkkkdolO00000KKKKK
...'od;;xkkxxxokkkkd..:kxkkc...............'''''''''''............''.:cllllooooooooooookKO,:llxkkOOOO00OkOO0KKK0KXxdddxddlccooddoolxdoddooooooooolllllc;lc;dl:KNOddoooc''O00K0KKKKKK
....od;.odddxxxkkddo..;kxkkc..............''''''''lxl'........''''''':llloooooodddoooddkKO;coox00000K000O00KKXKKKXxdxdcoo0lldddddolkxddddddoooooooollol:cccdccXNNXOkkdoclOO0KKKKKKKK
....odl;',,,,,,;;;,,,',:::c;.............'''''''''lxl'........''''''':lloooolccloodddddOXO;cook0XKKKKKK0O0KKXXXXXXxxxxdodKO:ddxxddoOddddddddooooooooool:';:o:cXNNXoc:,'.,OO0KKKKKKKK
....oooc;;;;;;;;;;;;;;;;;;;'............'''''''''',,,'........'''''''clloooocclllodddddOXO:lddO00KKKKKKKKKKXKXXXXXO0kxkdo0dcxxxxxdoOxxxxdddddoooooooool;';lo:lNNNXxlc;'':0KKKKKKKKKK
....ooc:llcc::::::::;''':::,............'''''''',,,,,'..............':;:'',,,:ddddddddxOXO:lddO00KK0KKKKKKKKXKKXXXkxxxxxxxxxxxlccloOdxxxxdddddooooooool,.;co:oNNNXkoc::,cKKKKKKKKKKK
....oooloolcccc:cccl:''.,;,,......';;;;;;;,,,,'',,,,,'...............,.;.....;oddxxddxxOXO:oddO000000K0KKKKKKKKKKXkkkkxxxxxx:c,...,c:dxxxxxddddooooool:;;:ldcoNNNKdlool;lKKKKKKKKKKX
....;;;;;:;;,;;:;,','''',';c'...'''OKKKKKKolll,,,,,,''............ ..';;.....:oodxxxxxxOXO:odd00O0000K000KKKKKKK0Xkkkkkxxxxdo,;....;c:cxxxddddddoooool;lllco:dNNN0lc:::,lKKKKKKKKKXX
..................................'OKKKKXKolll,,,,,,,'................;,.....coddxxdlc::dO:odd00OOO0O00000KK00KK0Xkkkkxxxxddlc,';,;,co,oxddddol;'.':ol:o::lo:dNNN0lc;'..lKKKKKKKKKXX
..................................'0KKKKX0ooll,,,,,,,'...............'.'....'lodxxxod,...::odd0OkkkOOOOOOO0000OO0Kkxxxxxxddolc:;;::lclodddddo:.. ..'lccoll,l:xNNNOlc:,..lKKKKKKKKKKX
...................................:lllllc,,,,'',,,,''..............',,'',:;;;;c;;,;cl....;odd0OxxxkkkkkkkOOOkkk0Kxxxxxxdddolcclcclkdddddddo:......'lcooll',;xNNNk;,'...oKKKKKKKKKKX
..................................  .......''''',,,,,..'..''',;....'''.........'..',,l.....lookxoooxxxxxxxkkkxxk00xxddddddooc..'cllOddddddoc.......;lcllcc',;xNNNd',,'''lO0KKKKKKKKK
..'.......................',,'.......;;'..'::::::c:::,',;;clll;'..............'...;:;:'.....,,;:ccccdddddxxxxxxxO0dddddooool'';:lllkodddool,.......cc.....',,xNNKc,,,,;;;:loxkOOO000
..........................',,'.......;;'..,:::::lddl;co:,:o:::'......'..,,'.,,.':llc;'.....;cckllolcdddddddxdddxOOdddoooolc,.:cclclkodooll:,.....':cc,l;,'',,xXXo,,,,,,;;;;;;;;:;:::
.........,,..,;;;:;;'.....',;'.... ..';'',c:;;,:xkddd0Oo.'.,;,.;.........'';,',:;lc;;,'....''';'''';cooododdddddOOooooolc:'..,''.:lkc'....',....':clollodolccokx,,,,,,,,;;;;,,,;;;::
......''.'':c;..'';ll;,'..............,:dONKOXxdOOccOKKl,,',;;,,c...........,:;;,;;,,;:'......'''...,lllooooooookkoooolc:c::'...,,cxc;,'......',:::l;OOkkkxxkkkc,,,,,,,,,,,,,,;;,;;:
'...'''',;,'';,.';;,:;:'...',,,,,,,;;::ONNNNNNKkkc.cxol,'';cc,..............;lc,,;,:,::ox:..'...',;:;:::ccccccccxxloolc;o;..c....':o,.::c,',cccc:':o,0,.',o,kkd;,,,,,'',,,,,,,,',;;;
.''''';;'.';,.';;'..''.....lxddxkOO00KKKKKK00OOdl;....................   .....;';:;:;cclkc..'.....................':::,.':;:;.....,l;...''''',,,,,;;;c,'',c,llc'''',''',,',,'''';;;,
.',;,'.',;'.';,..',''......,,''',,,;;;;;;;;;;;:.............. .....    .........,;;,,llcc,..,........'...''''......,;;,.......  ...,;,..,''',,,,,,,,,,'''','''......'','''',''',;,,,
;;'..,:,'.';:;.';;,'......'',,,;;;:::cccclllllc'............        .............'',,:c,,''',;:c::::::ccccloolllll:::,............ ,:;..'..':c:;;;;;;;;,,,,,,,''''.......'',''',,,,,
lc'cdxo.:kOO;cxkx,...... ..'',,,;;:::::ccccccc;'  .....         ....................','.'''',,;';lll::ccccllllllll:::,.','............''',;,''',,:cc::;,,;;;;;;',,,'''''''''',''''''
,,,;;::::cclcllolc;..... ....'',,;;;:::::::::c,'...          ....................'.....',,,,,,,,;::'.:ccclllllllllc:::;,,''''.........',;;;;,,,,:loldxl;,,,,,,'.',,',,'''','',''...'
''',,,,;;;;:::::::,....  .....',,;;;;:::::::::,'         .... ..................''''',',,,',;'';;;::::ccclllllllllc::::;,,,,''....','..',,;;;,,,,;;:ccc::::;;;;,''''''',,'',,,,,,,'.
     ..................  .....'',,;;;;;;::::::'.     ...    . ................''''''',,;;,;;::::::::cccccllllllllc:::::;;;,,,''''',;,....',,,,,;;;;;;:cccc:::::;;,'''',;:lc;,,,,,,,,
............',,;.......  ......',,,,;;;;;;;;;;'.....  .   ....................'',,,,,,;;:;;;lc:::::::ccccllllccccc::::::;;;;;,',,,,;,'....'',,;;:::::::::cccc:::::;;,,dK0dxc,,,,,,,,
............',,;........ ......'',,,,,;;;;;;;;'..    ........................'',,;;;;,;:cc:;::::::::cccccccccccccc::::::;;;;;,,,,,,;,'.......',,;;;::::cc:::ccccccc:::cl:;;,'''',,,,
............',,;.'oOO00Oxo'....'',,,,,,;,,,,,,.'. . ...................... .',,;,;;;;;;:c::;:::::c:cccccccccccccccc:::::::;;;;;;,;;;;,'....'....',,;;::::cc::cclllccccccc::;;;;,,,''
...........''',,..';,,'.....','''',,,,,,,,,,,,...  .........................,,,,;;;;;;;:c::::::::::cccccccccccccccccc:::::::::::::::;;,.....''.....',,;:::::;:::cllllllcccc::::;;;,,
.............'''.......  .....,,'''',,,,,,,,,,...........................'',,;;;;:::;;,:::::;::cccccc::ccccc::cllccccc:::::::;;::::::;,'.............';;;::ccccccccccllllccc::::::cc
..............''......   ......';,''''',,'''',..........................''',;;;;;;::;:;::::ccccccccccclllccccclllcccc:cc:;::::::::::;;;;,.............',,,;:::::::::::ccclc;,;;;;;;:
......................   ........;,'''''''''''.......................',,,;;;;;;;;:::;;:::ccccccccccccccccccclccccccc:::::;::::::;::::::;,'.......'..'..''',;;:;:::::::::::;',,,,,,,;
  .....................  ........';,''''''''''......................''''',;;;::::;:cccccc;ccccccccc::cccccc:c:cllllc:::c:;:::::::;;;:;;;,,,'..''..'''.....'',,;;;::::::::;,'...',,,,
 .....................   ..........,,'''''''''.....................','''',,;;:::::::::ccc::ccc::ccc::cccclllllcclcc:ccclcc:;::::::;;;;;;;;;,'...''..'''....',,,,;;;;;::::;;,''....''
......................    .........',,''''''''..................''''.',;;;;;;;;:::::::cclllllc;:cccllllcclccl:cllllccc::::c:::cccc:::;;;;;;;;,'..''..'.......'',,,;;:::::;,,,'''....
